{
"contracts/NFTMarketplace.sol":{"l":{"38":0,"43":0,"47":0,"52":0,"61":0,"62":0,"64":0,"65":0,"66":0,"67":0,"71":0,"72":0,"77":0,"85":0,"86":0,"97":0,"101":0,"105":0,"106":0,"107":0,"108":0,"109":0,"111":0,"117":0,"118":0,"122":0,"123":0,"124":0,"125":0,"126":0,"127":0,"128":0,"133":0,"134":0,"135":0,"137":0,"138":0,"139":0,"140":0,"141":0,"142":0,"143":0,"146":0,"151":0,"152":0,"153":0,"155":0,"156":0,"157":0,"161":0,"162":0,"163":0,"164":0,"165":0,"166":0,"167":0,"170":0,"175":0,"176":0,"177":0,"179":0,"180":0,"181":0,"185":0,"186":0,"187":0,"188":0,"189":0,"190":0,"191":0,"194":0},"path":"/Users/ngocduong/Projects/Personal/testing/Skill-Test-NFT-Market/contracts/NFTMarketplace.sol","s":{"1":0,"2":0,"3":0,"4":0,"5":0,"6":0,"7":0,"8":0,"9":0,"10":0,"11":0,"12":0,"13":0,"14":0,"15":0,"16":0,"17":0,"18":0,"19":0,"20":0,"21":0,"22":0,"23":0,"24":0,"25":0,"26":0,"27":0,"28":0,"29":0,"30":0,"31":0,"32":0,"33":0,"34":0,"35":0,"36":0,"37":0,"38":0,"39":0,"40":0,"41":0,"42":0,"43":0,"44":0,"45":0,"46":0,"47":0,"48":0,"49":0,"50":0,"51":0,"52":0,"53":0},"b":{"1":[0,0],"2":[0,0],"3":[0,0],"4":[0,0],"5":[0,0],"6":[0,0],"7":[0,0],"8":[0,0],"9":[0,0],"10":[0,0],"11":[0,0]},"f":{"1":0,"2":0,"3":0,"4":0,"5":0,"6":0,"7":0,"8":0,"9":0,"10":0},"fnMap":{"1":{"name":"constructor","line":37,"loc":{"start":{"line":37,"column":4},"end":{"line":39,"column":4}}},"2":{"name":"updateListingPrice","line":42,"loc":{"start":{"line":42,"column":4},"end":{"line":48,"column":4}}},"3":{"name":"getListingPrice","line":51,"loc":{"start":{"line":51,"column":4},"end":{"line":53,"column":4}}},"4":{"name":"createToken","line":56,"loc":{"start":{"line":56,"column":4},"end":{"line":68,"column":4}}},"5":{"name":"createMarketItem","line":70,"loc":{"start":{"line":70,"column":4},"end":{"line":93,"column":4}}},"6":{"name":"resellToken","line":96,"loc":{"start":{"line":96,"column":4},"end":{"line":112,"column":4}}},"7":{"name":"createMarketSale","line":116,"loc":{"start":{"line":116,"column":4},"end":{"line":129,"column":4}}},"8":{"name":"fetchMarketItems","line":132,"loc":{"start":{"line":132,"column":4},"end":{"line":147,"column":4}}},"9":{"name":"fetchMyNFTs","line":150,"loc":{"start":{"line":150,"column":4},"end":{"line":171,"column":4}}},"10":{"name":"fetchItemsListed","line":174,"loc":{"start":{"line":174,"column":4},"end":{"line":195,"column":4}}}},"statementMap":{"1":{"start":{"line":43,"column":8},"end":{"line":43,"column":1254}},"2":{"start":{"line":52,"column":8},"end":{"line":52,"column":27}},"3":{"start":{"line":61,"column":8},"end":{"line":61,"column":28}},"4":{"start":{"line":62,"column":8},"end":{"line":62,"column":48}},"5":{"start":{"line":64,"column":8},"end":{"line":64,"column":36}},"6":{"start":{"line":65,"column":8},"end":{"line":65,"column":41}},"7":{"start":{"line":66,"column":8},"end":{"line":66,"column":42}},"8":{"start":{"line":67,"column":8},"end":{"line":67,"column":25}},"9":{"start":{"line":71,"column":8},"end":{"line":71,"column":57}},"10":{"start":{"line":72,"column":8},"end":{"line":72,"column":2133}},"11":{"start":{"line":85,"column":8},"end":{"line":85,"column":52}},"12":{"start":{"line":86,"column":8},"end":{"line":86,"column":2493}},"13":{"start":{"line":97,"column":8},"end":{"line":97,"column":2788}},"14":{"start":{"line":101,"column":8},"end":{"line":101,"column":2930}},"15":{"start":{"line":109,"column":8},"end":{"line":109,"column":29}},"16":{"start":{"line":111,"column":8},"end":{"line":111,"column":52}},"17":{"start":{"line":117,"column":8},"end":{"line":117,"column":53}},"18":{"start":{"line":118,"column":8},"end":{"line":118,"column":3606}},"19":{"start":{"line":125,"column":8},"end":{"line":125,"column":29}},"20":{"start":{"line":126,"column":8},"end":{"line":126,"column":52}},"21":{"start":{"line":127,"column":8},"end":{"line":127,"column":44}},"22":{"start":{"line":128,"column":8},"end":{"line":128,"column":66}},"23":{"start":{"line":133,"column":8},"end":{"line":133,"column":47}},"24":{"start":{"line":134,"column":8},"end":{"line":134,"column":76}},"25":{"start":{"line":135,"column":8},"end":{"line":135,"column":32}},"26":{"start":{"line":137,"column":8},"end":{"line":137,"column":69}},"27":{"start":{"line":138,"column":8},"end":{"line":138,"column":4474}},"28":{"start":{"line":139,"column":12},"end":{"line":139,"column":4532}},"29":{"start":{"line":140,"column":16},"end":{"line":140,"column":41}},"30":{"start":{"line":141,"column":16},"end":{"line":141,"column":74}},"31":{"start":{"line":146,"column":8},"end":{"line":146,"column":20}},"32":{"start":{"line":151,"column":8},"end":{"line":151,"column":52}},"33":{"start":{"line":152,"column":8},"end":{"line":152,"column":29}},"34":{"start":{"line":153,"column":8},"end":{"line":153,"column":32}},"35":{"start":{"line":155,"column":8},"end":{"line":155,"column":5092}},"36":{"start":{"line":156,"column":12},"end":{"line":156,"column":5155}},"37":{"start":{"line":161,"column":8},"end":{"line":161,"column":63}},"38":{"start":{"line":162,"column":8},"end":{"line":162,"column":5330}},"39":{"start":{"line":163,"column":12},"end":{"line":163,"column":5393}},"40":{"start":{"line":164,"column":16},"end":{"line":164,"column":41}},"41":{"start":{"line":165,"column":16},"end":{"line":165,"column":74}},"42":{"start":{"line":170,"column":8},"end":{"line":170,"column":20}},"43":{"start":{"line":175,"column":8},"end":{"line":175,"column":52}},"44":{"start":{"line":176,"column":8},"end":{"line":176,"column":29}},"45":{"start":{"line":177,"column":8},"end":{"line":177,"column":32}},"46":{"start":{"line":179,"column":8},"end":{"line":179,"column":5947}},"47":{"start":{"line":180,"column":12},"end":{"line":180,"column":6010}},"48":{"start":{"line":185,"column":8},"end":{"line":185,"column":63}},"49":{"start":{"line":186,"column":8},"end":{"line":186,"column":6186}},"50":{"start":{"line":187,"column":12},"end":{"line":187,"column":6249}},"51":{"start":{"line":188,"column":16},"end":{"line":188,"column":41}},"52":{"start":{"line":189,"column":16},"end":{"line":189,"column":74}},"53":{"start":{"line":194,"column":8},"end":{"line":194,"column":20}}},"branchMap":{"1":{"line":43,"type":"if","locations":[{"start":{"line":43,"column":8},"end":{"line":43,"column":8}},{"start":{"line":43,"column":8},"end":{"line":43,"column":8}}]},"2":{"line":71,"type":"if","locations":[{"start":{"line":71,"column":8},"end":{"line":71,"column":8}},{"start":{"line":71,"column":8},"end":{"line":71,"column":8}}]},"3":{"line":72,"type":"if","locations":[{"start":{"line":72,"column":8},"end":{"line":72,"column":8}},{"start":{"line":72,"column":8},"end":{"line":72,"column":8}}]},"4":{"line":97,"type":"if","locations":[{"start":{"line":97,"column":8},"end":{"line":97,"column":8}},{"start":{"line":97,"column":8},"end":{"line":97,"column":8}}]},"5":{"line":101,"type":"if","locations":[{"start":{"line":101,"column":8},"end":{"line":101,"column":8}},{"start":{"line":101,"column":8},"end":{"line":101,"column":8}}]},"6":{"line":118,"type":"if","locations":[{"start":{"line":118,"column":8},"end":{"line":118,"column":8}},{"start":{"line":118,"column":8},"end":{"line":118,"column":8}}]},"7":{"line":139,"type":"if","locations":[{"start":{"line":139,"column":12},"end":{"line":139,"column":12}},{"start":{"line":139,"column":12},"end":{"line":139,"column":12}}]},"8":{"line":156,"type":"if","locations":[{"start":{"line":156,"column":12},"end":{"line":156,"column":12}},{"start":{"line":156,"column":12},"end":{"line":156,"column":12}}]},"9":{"line":163,"type":"if","locations":[{"start":{"line":163,"column":12},"end":{"line":163,"column":12}},{"start":{"line":163,"column":12},"end":{"line":163,"column":12}}]},"10":{"line":180,"type":"if","locations":[{"start":{"line":180,"column":12},"end":{"line":180,"column":12}},{"start":{"line":180,"column":12},"end":{"line":180,"column":12}}]},"11":{"line":187,"type":"if","locations":[{"start":{"line":187,"column":12},"end":{"line":187,"column":12}},{"start":{"line":187,"column":12},"end":{"line":187,"column":12}}]}}}}
