TN:
SF:/Users/ngocduong/Projects/Personal/testing/Skill-Test-NFT-Market/contracts/NFTMarketplace.sol
FN:37,constructor
FN:42,updateListingPrice
FN:51,getListingPrice
FN:56,createToken
FN:70,createMarketItem
FN:96,resellToken
FN:116,createMarketSale
FN:132,fetchMarketItems
FN:150,fetchMyNFTs
FN:174,fetchItemsListed
FNF:10
FNH:0
FNDA:0,constructor
FNDA:0,updateListingPrice
FNDA:0,getListingPrice
FNDA:0,createToken
FNDA:0,createMarketItem
FNDA:0,resellToken
FNDA:0,createMarketSale
FNDA:0,fetchMarketItems
FNDA:0,fetchMyNFTs
FNDA:0,fetchItemsListed
DA:38,0
DA:43,0
DA:47,0
DA:52,0
DA:61,0
DA:62,0
DA:64,0
DA:65,0
DA:66,0
DA:67,0
DA:71,0
DA:72,0
DA:77,0
DA:85,0
DA:86,0
DA:97,0
DA:101,0
DA:105,0
DA:106,0
DA:107,0
DA:108,0
DA:109,0
DA:111,0
DA:117,0
DA:118,0
DA:122,0
DA:123,0
DA:124,0
DA:125,0
DA:126,0
DA:127,0
DA:128,0
DA:133,0
DA:134,0
DA:135,0
DA:137,0
DA:138,0
DA:139,0
DA:140,0
DA:141,0
DA:142,0
DA:143,0
DA:146,0
DA:151,0
DA:152,0
DA:153,0
DA:155,0
DA:156,0
DA:157,0
DA:161,0
DA:162,0
DA:163,0
DA:164,0
DA:165,0
DA:166,0
DA:167,0
DA:170,0
DA:175,0
DA:176,0
DA:177,0
DA:179,0
DA:180,0
DA:181,0
DA:185,0
DA:186,0
DA:187,0
DA:188,0
DA:189,0
DA:190,0
DA:191,0
DA:194,0
LF:71
LH:0
BRDA:43,1,0,0
BRDA:43,1,1,0
BRDA:71,2,0,0
BRDA:71,2,1,0
BRDA:72,3,0,0
BRDA:72,3,1,0
BRDA:97,4,0,0
BRDA:97,4,1,0
BRDA:101,5,0,0
BRDA:101,5,1,0
BRDA:118,6,0,0
BRDA:118,6,1,0
BRDA:139,7,0,0
BRDA:139,7,1,0
BRDA:156,8,0,0
BRDA:156,8,1,0
BRDA:163,9,0,0
BRDA:163,9,1,0
BRDA:180,10,0,0
BRDA:180,10,1,0
BRDA:187,11,0,0
BRDA:187,11,1,0
BRF:22
BRH:0
end_of_record
